2025-09-11 13:16:19 [[32minfo[39m]: Server running on port 5000
2025-09-11 13:17:59 [[32minfo[39m]: Server running on port 8080
2025-09-11 13:20:18 [[32minfo[39m]: Server running on port 8080
2025-09-11 13:26:13 [[32minfo[39m]: Server running on port 8080
2025-09-14 22:53:46 [[32minfo[39m]: Server running on port 8080
2025-09-14 22:56:41 [[32minfo[39m]: Server running on port 8080
2025-09-14 23:01:22 [[32minfo[39m]: Server running on port 8080
2025-09-14 23:10:03 [[32minfo[39m]: Server running on port 8080
2025-09-14 23:10:05 [[32minfo[39m]: Server running on port 8080
2025-09-14 23:14:04 [[32minfo[39m]: Server running on port 8080
2025-09-14 23:15:13 [[32minfo[39m]: Server running on port 8080
2025-09-14 23:15:18 [[32minfo[39m]: Server running on port 8080
2025-09-14 23:15:31 [[32minfo[39m]: Server running on port 8080
2025-09-14 23:15:35 [[32minfo[39m]: Server running on port 8080
2025-09-14 23:15:47 [[32minfo[39m]: Server running on port 8080
2025-09-14 23:15:49 [[32minfo[39m]: Server running on port 8080
2025-09-14 23:15:52 [[32minfo[39m]: Server running on port 8080
2025-09-14 23:15:56 [[32minfo[39m]: Server running on port 8080
2025-09-14 23:15:58 [[32minfo[39m]: Server running on port 8080
2025-09-14 23:16:06 [[32minfo[39m]: Server running on port 8080
2025-09-14 23:16:11 [[32minfo[39m]: Server running on port 8080
2025-09-14 23:16:14 [[32minfo[39m]: Server running on port 8080
2025-09-14 23:16:17 [[32minfo[39m]: Server running on port 8080
2025-09-14 23:16:23 [[32minfo[39m]: Server running on port 8080
2025-09-14 23:16:32 [[32minfo[39m]: Server running on port 8080
2025-09-14 23:16:34 [[32minfo[39m]: Server running on port 8080
2025-09-14 23:16:37 [[32minfo[39m]: Server running on port 8080
2025-09-14 23:16:39 [[32minfo[39m]: Server running on port 8080
2025-09-14 23:16:41 [[32minfo[39m]: Server running on port 8080
2025-09-14 23:16:45 [[32minfo[39m]: Server running on port 8080
2025-09-14 23:16:49 [[32minfo[39m]: Server running on port 8080
2025-09-14 23:16:51 [[32minfo[39m]: Server running on port 8080
2025-09-14 23:16:57 [[32minfo[39m]: Server running on port 8080
2025-09-14 23:17:00 [[32minfo[39m]: Server running on port 8080
2025-09-14 23:17:05 [[32minfo[39m]: Server running on port 8080
2025-09-14 23:17:51 [[32minfo[39m]: Server running on port 8080
2025-09-14 23:17:56 [[32minfo[39m]: Server running on port 8080
2025-09-14 23:18:01 [[32minfo[39m]: Server running on port 8080
2025-09-14 23:18:10 [[32minfo[39m]: Server running on port 8080
2025-09-14 23:18:12 [[32minfo[39m]: Server running on port 8080
2025-09-14 23:18:23 [[32minfo[39m]: Server running on port 8080
2025-09-14 23:18:26 [[32minfo[39m]: Server running on port 8080
2025-09-14 23:18:35 [[32minfo[39m]: Server running on port 8080
2025-09-15 00:11:08 [[32minfo[39m]: Server running on port 8080
2025-09-15 00:11:47 [[32minfo[39m]: Server running on port 8080
2025-09-15 00:29:12 [[32minfo[39m]: Server running on port 8080
2025-09-15 00:30:19 [[32minfo[39m]: Server running on port 8080
2025-09-15 00:30:34 [[32minfo[39m]: Server running on port 8080
2025-09-15 00:30:41 [[32minfo[39m]: Server running on port 8080
2025-09-15 00:30:43 [[32minfo[39m]: Server running on port 8080
2025-09-15 00:30:47 [[32minfo[39m]: Server running on port 8080
2025-09-15 00:30:50 [[32minfo[39m]: Server running on port 8080
2025-09-15 00:30:52 [[32minfo[39m]: Server running on port 8080
2025-09-15 00:36:36 [[32minfo[39m]: Server running on port 8080
2025-09-15 23:01:20 [[32minfo[39m]: Server running on port 8080
2025-09-15 23:48:38 [[31merror[39m]: Error: secret option required for sessions
    at session (D:\Personal Project\airbnbclone\node_modules\express-session\index.js:204:12)
    at Layer.handleRequest (D:\Personal Project\airbnbclone\node_modules\router\lib\layer.js:152:17)
    at trimPrefix (D:\Personal Project\airbnbclone\node_modules\router\index.js:342:13)
    at D:\Personal Project\airbnbclone\node_modules\router\index.js:297:9
    at processParams (D:\Personal Project\airbnbclone\node_modules\router\index.js:582:12)
    at next (D:\Personal Project\airbnbclone\node_modules\router\index.js:291:5)
    at cors (D:\Personal Project\airbnbclone\node_modules\cors\lib\index.js:188:7)
    at D:\Personal Project\airbnbclone\node_modules\cors\lib\index.js:224:17
    at originCallback (D:\Personal Project\airbnbclone\node_modules\cors\lib\index.js:214:15)
    at D:\Personal Project\airbnbclone\node_modules\cors\lib\index.js:219:13
2025-09-15 23:48:38 [[31merror[39m]: Error: secret option required for sessions
    at session (D:\Personal Project\airbnbclone\node_modules\express-session\index.js:204:12)
    at Layer.handleRequest (D:\Personal Project\airbnbclone\node_modules\router\lib\layer.js:152:17)
    at trimPrefix (D:\Personal Project\airbnbclone\node_modules\router\index.js:342:13)
    at D:\Personal Project\airbnbclone\node_modules\router\index.js:297:9
    at processParams (D:\Personal Project\airbnbclone\node_modules\router\index.js:582:12)
    at next (D:\Personal Project\airbnbclone\node_modules\router\index.js:291:5)
    at cors (D:\Personal Project\airbnbclone\node_modules\cors\lib\index.js:188:7)
    at D:\Personal Project\airbnbclone\node_modules\cors\lib\index.js:224:17
    at originCallback (D:\Personal Project\airbnbclone\node_modules\cors\lib\index.js:214:15)
    at D:\Personal Project\airbnbclone\node_modules\cors\lib\index.js:219:13
2025-09-15 23:48:43 [[31merror[39m]: Error: secret option required for sessions
    at session (D:\Personal Project\airbnbclone\node_modules\express-session\index.js:204:12)
    at Layer.handleRequest (D:\Personal Project\airbnbclone\node_modules\router\lib\layer.js:152:17)
    at trimPrefix (D:\Personal Project\airbnbclone\node_modules\router\index.js:342:13)
    at D:\Personal Project\airbnbclone\node_modules\router\index.js:297:9
    at processParams (D:\Personal Project\airbnbclone\node_modules\router\index.js:582:12)
    at next (D:\Personal Project\airbnbclone\node_modules\router\index.js:291:5)
    at cors (D:\Personal Project\airbnbclone\node_modules\cors\lib\index.js:188:7)
    at D:\Personal Project\airbnbclone\node_modules\cors\lib\index.js:224:17
    at originCallback (D:\Personal Project\airbnbclone\node_modules\cors\lib\index.js:214:15)
    at D:\Personal Project\airbnbclone\node_modules\cors\lib\index.js:219:13
2025-09-15 23:48:55 [[31merror[39m]: Error: secret option required for sessions
    at session (D:\Personal Project\airbnbclone\node_modules\express-session\index.js:204:12)
    at Layer.handleRequest (D:\Personal Project\airbnbclone\node_modules\router\lib\layer.js:152:17)
    at trimPrefix (D:\Personal Project\airbnbclone\node_modules\router\index.js:342:13)
    at D:\Personal Project\airbnbclone\node_modules\router\index.js:297:9
    at processParams (D:\Personal Project\airbnbclone\node_modules\router\index.js:582:12)
    at next (D:\Personal Project\airbnbclone\node_modules\router\index.js:291:5)
    at cors (D:\Personal Project\airbnbclone\node_modules\cors\lib\index.js:188:7)
    at D:\Personal Project\airbnbclone\node_modules\cors\lib\index.js:224:17
    at originCallback (D:\Personal Project\airbnbclone\node_modules\cors\lib\index.js:214:15)
    at D:\Personal Project\airbnbclone\node_modules\cors\lib\index.js:219:13
2025-09-15 23:48:55 [[31merror[39m]: Error: secret option required for sessions
    at session (D:\Personal Project\airbnbclone\node_modules\express-session\index.js:204:12)
    at Layer.handleRequest (D:\Personal Project\airbnbclone\node_modules\router\lib\layer.js:152:17)
    at trimPrefix (D:\Personal Project\airbnbclone\node_modules\router\index.js:342:13)
    at D:\Personal Project\airbnbclone\node_modules\router\index.js:297:9
    at processParams (D:\Personal Project\airbnbclone\node_modules\router\index.js:582:12)
    at next (D:\Personal Project\airbnbclone\node_modules\router\index.js:291:5)
    at cors (D:\Personal Project\airbnbclone\node_modules\cors\lib\index.js:188:7)
    at D:\Personal Project\airbnbclone\node_modules\cors\lib\index.js:224:17
    at originCallback (D:\Personal Project\airbnbclone\node_modules\cors\lib\index.js:214:15)
    at D:\Personal Project\airbnbclone\node_modules\cors\lib\index.js:219:13
2025-09-15 23:48:55 [[31merror[39m]: Error: secret option required for sessions
    at session (D:\Personal Project\airbnbclone\node_modules\express-session\index.js:204:12)
    at Layer.handleRequest (D:\Personal Project\airbnbclone\node_modules\router\lib\layer.js:152:17)
    at trimPrefix (D:\Personal Project\airbnbclone\node_modules\router\index.js:342:13)
    at D:\Personal Project\airbnbclone\node_modules\router\index.js:297:9
    at processParams (D:\Personal Project\airbnbclone\node_modules\router\index.js:582:12)
    at next (D:\Personal Project\airbnbclone\node_modules\router\index.js:291:5)
    at cors (D:\Personal Project\airbnbclone\node_modules\cors\lib\index.js:188:7)
    at D:\Personal Project\airbnbclone\node_modules\cors\lib\index.js:224:17
    at originCallback (D:\Personal Project\airbnbclone\node_modules\cors\lib\index.js:214:15)
    at D:\Personal Project\airbnbclone\node_modules\cors\lib\index.js:219:13
2025-09-15 23:55:29 [[32minfo[39m]: Server running on port 8080
2025-09-15 23:55:53 [[32minfo[39m]: GET /.well-known/appspecific/com.chrome.devtools.json
2025-09-15 23:55:53 [[32minfo[39m]: GET /favicon.ico
2025-09-16 00:00:14 [[32minfo[39m]: GET /.well-known/appspecific/com.chrome.devtools.json
2025-09-16 00:09:43 [[32minfo[39m]: GET /.well-known/appspecific/com.chrome.devtools.json
2025-09-16 00:21:42 [[32minfo[39m]: GET /api/auth/me
2025-09-16 00:21:42 [[32minfo[39m]: GET /api/auth/me
2025-09-16 00:22:07 [[32minfo[39m]: GET /.well-known/appspecific/com.chrome.devtools.json
2025-09-16 00:32:12 [[32minfo[39m]: Server running on port 8080
2025-09-16 00:32:21 [[32minfo[39m]: Server running on port 8080
2025-09-16 00:32:53 [[32minfo[39m]: Server running on port 8080
2025-09-16 00:33:07 [[32minfo[39m]: Server running on port 8080
